nohup: ignoring input
📂 開始加載與掃描數據 (mmap 安全模式)...
📂 找到 37 個真實 NPY Chunk 目錄
  快速掃描 chunk 0: chunk_000... ✅ 20000 條軌跡
  快速掃描 chunk 1: chunk_001... ✅ 20000 條軌跡
  快速掃描 chunk 2: chunk_002... ✅ 20000 條軌跡
  快速掃描 chunk 3: chunk_003... ✅ 20000 條軌跡
  快速掃描 chunk 4: chunk_004... ✅ 20000 條軌跡
  快速掃描 chunk 5: chunk_005... ✅ 20000 條軌跡
  快速掃描 chunk 6: chunk_006... ✅ 20000 條軌跡
  快速掃描 chunk 7: chunk_007... ✅ 20000 條軌跡
  快速掃描 chunk 8: chunk_008... ✅ 20000 條軌跡
  快速掃描 chunk 9: chunk_009... ✅ 20000 條軌跡
  快速掃描 chunk 10: chunk_010... ✅ 20000 條軌跡
  快速掃描 chunk 11: chunk_011... ✅ 20000 條軌跡
  快速掃描 chunk 12: chunk_012... ✅ 20000 條軌跡
  快速掃描 chunk 13: chunk_013... ✅ 20000 條軌跡
  快速掃描 chunk 14: chunk_014... ✅ 20000 條軌跡
  快速掃描 chunk 15: chunk_015... ✅ 20000 條軌跡
  快速掃描 chunk 16: chunk_016... ✅ 20000 條軌跡
  快速掃描 chunk 17: chunk_017... ✅ 20000 條軌跡
  快速掃描 chunk 18: chunk_018... ✅ 20000 條軌跡
  快速掃描 chunk 19: chunk_019... ✅ 20000 條軌跡
  快速掃描 chunk 20: chunk_020... ✅ 20000 條軌跡
  快速掃描 chunk 21: chunk_021... ✅ 20000 條軌跡
  快速掃描 chunk 22: chunk_022... ✅ 20000 條軌跡
  快速掃描 chunk 23: chunk_023... ✅ 20000 條軌跡
  快速掃描 chunk 24: chunk_024... ✅ 20000 條軌跡
  快速掃描 chunk 25: chunk_025... ✅ 20000 條軌跡
  快速掃描 chunk 26: chunk_026... ✅ 20000 條軌跡
  快速掃描 chunk 27: chunk_027... ✅ 20000 條軌跡
  快速掃描 chunk 28: chunk_028... ✅ 20000 條軌跡
  快速掃描 chunk 29: chunk_029... ✅ 20000 條軌跡
  快速掃描 chunk 30: chunk_030... ✅ 20000 條軌跡
  快速掃描 chunk 31: chunk_031... ✅ 20000 條軌跡
  快速掃描 chunk 32: chunk_032... ✅ 20000 條軌跡
  快速掃描 chunk 33: chunk_033... ✅ 20000 條軌跡
  快速掃描 chunk 34: chunk_034... ✅ 20000 條軌跡
  快速掃描 chunk 35: chunk_035... ✅ 20000 條軌跡
  快速掃描 chunk 36: chunk_036... ✅ 17696 條軌跡

✅ 總共 737696 條軌跡，跨 37 個 NPY Chunk 目錄

🚀 數據加載與 Dataloader 建立完成
   訓練樣本: 590157
   驗證樣本: 147539

模型參數數量: 9,215,514


======================================================================
開始BC訓練 | 設備: cuda | 時間: 2026-06-02 11:21:34
======================================================================

  Epoch 1/100 | Batch 1/2306 | Loss: 3.5850 | Acc: 0.0056
  Epoch 1/100 | Batch 10/2306 | Loss: 2.8105 | Acc: 0.0309
  Epoch 1/100 | Batch 20/2306 | Loss: 2.6875 | Acc: 0.0369
  Epoch 1/100 | Batch 30/2306 | Loss: 2.5981 | Acc: 0.0419
  Epoch 1/100 | Batch 40/2306 | Loss: 2.5514 | Acc: 0.0467
  Epoch 1/100 | Batch 50/2306 | Loss: 2.5188 | Acc: 0.0572
  Epoch 1/100 | Batch 60/2306 | Loss: 2.4603 | Acc: 0.0771
  Epoch 1/100 | Batch 70/2306 | Loss: 2.4051 | Acc: 0.0931
  Epoch 1/100 | Batch 80/2306 | Loss: 2.3771 | Acc: 0.0963
  Epoch 1/100 | Batch 90/2306 | Loss: 2.2930 | Acc: 0.1359
  Epoch 1/100 | Batch 100/2306 | Loss: 2.2174 | Acc: 0.1686
  Epoch 1/100 | Batch 110/2306 | Loss: 2.1608 | Acc: 0.2024
  Epoch 1/100 | Batch 120/2306 | Loss: 2.0996 | Acc: 0.2241
  Epoch 1/100 | Batch 130/2306 | Loss: 2.0691 | Acc: 0.2299
  Epoch 1/100 | Batch 140/2306 | Loss: 2.0103 | Acc: 0.2595
  Epoch 1/100 | Batch 150/2306 | Loss: 1.9685 | Acc: 0.2765
  Epoch 1/100 | Batch 160/2306 | Loss: 1.9399 | Acc: 0.2836
  Epoch 1/100 | Batch 170/2306 | Loss: 1.8669 | Acc: 0.3077
  Epoch 1/100 | Batch 180/2306 | Loss: 1.8427 | Acc: 0.3217
  Epoch 1/100 | Batch 190/2306 | Loss: 1.7719 | Acc: 0.3425
  Epoch 1/100 | Batch 200/2306 | Loss: 1.7620 | Acc: 0.3461
  Epoch 1/100 | Batch 210/2306 | Loss: 1.7318 | Acc: 0.3504
  Epoch 1/100 | Batch 220/2306 | Loss: 1.7147 | Acc: 0.3594
  Epoch 1/100 | Batch 230/2306 | Loss: 1.6879 | Acc: 0.3656
  Epoch 1/100 | Batch 240/2306 | Loss: 1.6810 | Acc: 0.3620
  Epoch 1/100 | Batch 250/2306 | Loss: 1.6679 | Acc: 0.3699
  Epoch 1/100 | Batch 260/2306 | Loss: 1.6482 | Acc: 0.3775
  Epoch 1/100 | Batch 270/2306 | Loss: 1.6512 | Acc: 0.3750
  Epoch 1/100 | Batch 280/2306 | Loss: 1.6267 | Acc: 0.3783
  Epoch 1/100 | Batch 290/2306 | Loss: 1.6399 | Acc: 0.3739
  Epoch 1/100 | Batch 300/2306 | Loss: 1.6340 | Acc: 0.3752
  Epoch 1/100 | Batch 310/2306 | Loss: 1.6244 | Acc: 0.3807
  Epoch 1/100 | Batch 320/2306 | Loss: 1.6145 | Acc: 0.3861
  Epoch 1/100 | Batch 330/2306 | Loss: 1.6196 | Acc: 0.3795
  Epoch 1/100 | Batch 340/2306 | Loss: 1.6261 | Acc: 0.3700
  Epoch 1/100 | Batch 350/2306 | Loss: 1.6160 | Acc: 0.3771
  Epoch 1/100 | Batch 360/2306 | Loss: 1.6082 | Acc: 0.3797
  Epoch 1/100 | Batch 370/2306 | Loss: 1.6756 | Acc: 0.3538
  Epoch 1/100 | Batch 380/2306 | Loss: 1.6208 | Acc: 0.3743
  Epoch 1/100 | Batch 390/2306 | Loss: 1.6016 | Acc: 0.3816
  Epoch 1/100 | Batch 400/2306 | Loss: 1.6023 | Acc: 0.3805
  Epoch 1/100 | Batch 410/2306 | Loss: 1.5891 | Acc: 0.3855
  Epoch 1/100 | Batch 420/2306 | Loss: 1.5974 | Acc: 0.3832
  Epoch 1/100 | Batch 430/2306 | Loss: 1.5993 | Acc: 0.3778
  Epoch 1/100 | Batch 440/2306 | Loss: 1.6023 | Acc: 0.3751
  Epoch 1/100 | Batch 450/2306 | Loss: 1.5919 | Acc: 0.3820
  Epoch 1/100 | Batch 460/2306 | Loss: 1.5842 | Acc: 0.3821
  Epoch 1/100 | Batch 470/2306 | Loss: 1.5841 | Acc: 0.3856
  Epoch 1/100 | Batch 480/2306 | Loss: 1.5806 | Acc: 0.3841
  Epoch 1/100 | Batch 490/2306 | Loss: 1.5758 | Acc: 0.3865
  Epoch 1/100 | Batch 500/2306 | Loss: 1.5824 | Acc: 0.3838
  Epoch 1/100 | Batch 510/2306 | Loss: 1.5657 | Acc: 0.3879
  Epoch 1/100 | Batch 520/2306 | Loss: 1.5860 | Acc: 0.3813
  Epoch 1/100 | Batch 530/2306 | Loss: 1.5647 | Acc: 0.3889
  Epoch 1/100 | Batch 540/2306 | Loss: 1.5621 | Acc: 0.3895
  Epoch 1/100 | Batch 550/2306 | Loss: 1.5739 | Acc: 0.3834
  Epoch 1/100 | Batch 560/2306 | Loss: 1.5663 | Acc: 0.3866
  Epoch 1/100 | Batch 570/2306 | Loss: 1.5695 | Acc: 0.3851
  Epoch 1/100 | Batch 580/2306 | Loss: 1.5723 | Acc: 0.3833
  Epoch 1/100 | Batch 590/2306 | Loss: 1.5569 | Acc: 0.3870
  Epoch 1/100 | Batch 600/2306 | Loss: 1.5695 | Acc: 0.3826
  Epoch 1/100 | Batch 610/2306 | Loss: 1.5430 | Acc: 0.3940
  Epoch 1/100 | Batch 620/2306 | Loss: 1.5637 | Acc: 0.3852
  Epoch 1/100 | Batch 630/2306 | Loss: 1.5651 | Acc: 0.3834
  Epoch 1/100 | Batch 640/2306 | Loss: 1.5622 | Acc: 0.3854
  Epoch 1/100 | Batch 650/2306 | Loss: 1.5616 | Acc: 0.3833
  Epoch 1/100 | Batch 660/2306 | Loss: 1.5628 | Acc: 0.3847
  Epoch 1/100 | Batch 670/2306 | Loss: 1.5518 | Acc: 0.3883
  Epoch 1/100 | Batch 680/2306 | Loss: 1.5490 | Acc: 0.3862
  Epoch 1/100 | Batch 690/2306 | Loss: 1.5510 | Acc: 0.3857
  Epoch 1/100 | Batch 700/2306 | Loss: 1.5481 | Acc: 0.3899
  Epoch 1/100 | Batch 710/2306 | Loss: 1.5520 | Acc: 0.3883
  Epoch 1/100 | Batch 720/2306 | Loss: 1.5396 | Acc: 0.3909
  Epoch 1/100 | Batch 730/2306 | Loss: 1.5523 | Acc: 0.3822
  Epoch 1/100 | Batch 740/2306 | Loss: 1.5494 | Acc: 0.3858
  Epoch 1/100 | Batch 750/2306 | Loss: 1.5528 | Acc: 0.3867
  Epoch 1/100 | Batch 760/2306 | Loss: 1.5317 | Acc: 0.3972
  Epoch 1/100 | Batch 770/2306 | Loss: 1.5458 | Acc: 0.3883
  Epoch 1/100 | Batch 780/2306 | Loss: 1.5468 | Acc: 0.3890
  Epoch 1/100 | Batch 790/2306 | Loss: 1.5403 | Acc: 0.3894
  Epoch 1/100 | Batch 800/2306 | Loss: 1.5440 | Acc: 0.3893
  Epoch 1/100 | Batch 810/2306 | Loss: 1.5465 | Acc: 0.3851
  Epoch 1/100 | Batch 820/2306 | Loss: 1.5344 | Acc: 0.3895
  Epoch 1/100 | Batch 830/2306 | Loss: 1.5313 | Acc: 0.3895
  Epoch 1/100 | Batch 840/2306 | Loss: 1.5232 | Acc: 0.3911
  Epoch 1/100 | Batch 850/2306 | Loss: 1.5325 | Acc: 0.3925
  Epoch 1/100 | Batch 860/2306 | Loss: 1.5423 | Acc: 0.3848
  Epoch 1/100 | Batch 870/2306 | Loss: 1.5293 | Acc: 0.3899
  Epoch 1/100 | Batch 880/2306 | Loss: 1.5285 | Acc: 0.3904
  Epoch 1/100 | Batch 890/2306 | Loss: 1.5339 | Acc: 0.3903
  Epoch 1/100 | Batch 900/2306 | Loss: 1.5359 | Acc: 0.3892
  Epoch 1/100 | Batch 910/2306 | Loss: 1.5326 | Acc: 0.3911
  Epoch 1/100 | Batch 920/2306 | Loss: 1.5215 | Acc: 0.3949
  Epoch 1/100 | Batch 930/2306 | Loss: 1.5229 | Acc: 0.3942
  Epoch 1/100 | Batch 940/2306 | Loss: 1.5157 | Acc: 0.3977
  Epoch 1/100 | Batch 950/2306 | Loss: 1.5221 | Acc: 0.3897
  Epoch 1/100 | Batch 960/2306 | Loss: 1.5294 | Acc: 0.3913
  Epoch 1/100 | Batch 970/2306 | Loss: 1.5068 | Acc: 0.3984
  Epoch 1/100 | Batch 980/2306 | Loss: 1.5210 | Acc: 0.3897
  Epoch 1/100 | Batch 990/2306 | Loss: 1.5334 | Acc: 0.3853
  Epoch 1/100 | Batch 1000/2306 | Loss: 1.5170 | Acc: 0.3950
  Epoch 1/100 | Batch 1010/2306 | Loss: 1.5212 | Acc: 0.3925
  Epoch 1/100 | Batch 1020/2306 | Loss: 1.5071 | Acc: 0.3968
  Epoch 1/100 | Batch 1030/2306 | Loss: 1.5118 | Acc: 0.3952
  Epoch 1/100 | Batch 1040/2306 | Loss: 1.5230 | Acc: 0.3942
  Epoch 1/100 | Batch 1050/2306 | Loss: 1.5183 | Acc: 0.3945
  Epoch 1/100 | Batch 1060/2306 | Loss: 1.5005 | Acc: 0.3987
  Epoch 1/100 | Batch 1070/2306 | Loss: 1.5154 | Acc: 0.3958
  Epoch 1/100 | Batch 1080/2306 | Loss: 1.5142 | Acc: 0.3933
  Epoch 1/100 | Batch 1090/2306 | Loss: 1.5175 | Acc: 0.3906
  Epoch 1/100 | Batch 1100/2306 | Loss: 1.5235 | Acc: 0.3898
  Epoch 1/100 | Batch 1110/2306 | Loss: 1.5274 | Acc: 0.3891
  Epoch 1/100 | Batch 1120/2306 | Loss: 1.5138 | Acc: 0.3932
  Epoch 1/100 | Batch 1130/2306 | Loss: 1.5250 | Acc: 0.3857
  Epoch 1/100 | Batch 1140/2306 | Loss: 1.5057 | Acc: 0.3931
  Epoch 1/100 | Batch 1150/2306 | Loss: 1.5114 | Acc: 0.3948
  Epoch 1/100 | Batch 1160/2306 | Loss: 1.5073 | Acc: 0.3985
  Epoch 1/100 | Batch 1170/2306 | Loss: 1.5121 | Acc: 0.3912
  Epoch 1/100 | Batch 1180/2306 | Loss: 1.5071 | Acc: 0.3920
  Epoch 1/100 | Batch 1190/2306 | Loss: 1.4991 | Acc: 0.4009
  Epoch 1/100 | Batch 1200/2306 | Loss: 1.5085 | Acc: 0.3971
  Epoch 1/100 | Batch 1210/2306 | Loss: 1.5145 | Acc: 0.3909
  Epoch 1/100 | Batch 1220/2306 | Loss: 1.5121 | Acc: 0.3933
  Epoch 1/100 | Batch 1230/2306 | Loss: 1.5005 | Acc: 0.4005
  Epoch 1/100 | Batch 1240/2306 | Loss: 1.5099 | Acc: 0.3910
  Epoch 1/100 | Batch 1250/2306 | Loss: 1.5198 | Acc: 0.3907
  Epoch 1/100 | Batch 1260/2306 | Loss: 1.5119 | Acc: 0.3912
  Epoch 1/100 | Batch 1270/2306 | Loss: 1.4919 | Acc: 0.4028
  Epoch 1/100 | Batch 1280/2306 | Loss: 1.5031 | Acc: 0.3967
  Epoch 1/100 | Batch 1290/2306 | Loss: 1.4986 | Acc: 0.3976
  Epoch 1/100 | Batch 1300/2306 | Loss: 1.4964 | Acc: 0.3978
  Epoch 1/100 | Batch 1310/2306 | Loss: 1.4933 | Acc: 0.3995
  Epoch 1/100 | Batch 1320/2306 | Loss: 1.4977 | Acc: 0.3997
  Epoch 1/100 | Batch 1330/2306 | Loss: 1.4928 | Acc: 0.3989
  Epoch 1/100 | Batch 1340/2306 | Loss: 1.4982 | Acc: 0.3952
  Epoch 1/100 | Batch 1350/2306 | Loss: 1.5073 | Acc: 0.3941
  Epoch 1/100 | Batch 1360/2306 | Loss: 1.4912 | Acc: 0.3955
  Epoch 1/100 | Batch 1370/2306 | Loss: 1.4971 | Acc: 0.3950
  Epoch 1/100 | Batch 1380/2306 | Loss: 1.4984 | Acc: 0.3944
  Epoch 1/100 | Batch 1390/2306 | Loss: 1.4926 | Acc: 0.3995
  Epoch 1/100 | Batch 1400/2306 | Loss: 1.4824 | Acc: 0.4045
  Epoch 1/100 | Batch 1410/2306 | Loss: 1.5000 | Acc: 0.3951
  Epoch 1/100 | Batch 1420/2306 | Loss: 1.4871 | Acc: 0.4022
  Epoch 1/100 | Batch 1430/2306 | Loss: 1.4914 | Acc: 0.3977
  Epoch 1/100 | Batch 1440/2306 | Loss: 1.4821 | Acc: 0.4028
  Epoch 1/100 | Batch 1450/2306 | Loss: 1.4978 | Acc: 0.3970
  Epoch 1/100 | Batch 1460/2306 | Loss: 1.4728 | Acc: 0.4069
  Epoch 1/100 | Batch 1470/2306 | Loss: 1.4941 | Acc: 0.3949
  Epoch 1/100 | Batch 1480/2306 | Loss: 1.4930 | Acc: 0.3944
  Epoch 1/100 | Batch 1490/2306 | Loss: 1.4951 | Acc: 0.3991
  Epoch 1/100 | Batch 1500/2306 | Loss: 1.4882 | Acc: 0.4016
  Epoch 1/100 | Batch 1510/2306 | Loss: 1.4916 | Acc: 0.3990
  Epoch 1/100 | Batch 1520/2306 | Loss: 1.5038 | Acc: 0.3959
  Epoch 1/100 | Batch 1530/2306 | Loss: 1.5015 | Acc: 0.3940
  Epoch 1/100 | Batch 1540/2306 | Loss: 1.4855 | Acc: 0.4010
  Epoch 1/100 | Batch 1550/2306 | Loss: 1.4849 | Acc: 0.3991
  Epoch 1/100 | Batch 1560/2306 | Loss: 1.4917 | Acc: 0.3952
  Epoch 1/100 | Batch 1570/2306 | Loss: 1.4931 | Acc: 0.3993
  Epoch 1/100 | Batch 1580/2306 | Loss: 1.4848 | Acc: 0.4002
  Epoch 1/100 | Batch 1590/2306 | Loss: 1.4971 | Acc: 0.3935
  Epoch 1/100 | Batch 1600/2306 | Loss: 1.4858 | Acc: 0.3978
  Epoch 1/100 | Batch 1610/2306 | Loss: 1.4916 | Acc: 0.3953
  Epoch 1/100 | Batch 1620/2306 | Loss: 1.4949 | Acc: 0.3934
  Epoch 1/100 | Batch 1630/2306 | Loss: 1.4822 | Acc: 0.4013
  Epoch 1/100 | Batch 1640/2306 | Loss: 1.4851 | Acc: 0.3981
  Epoch 1/100 | Batch 1650/2306 | Loss: 1.4814 | Acc: 0.4018
  Epoch 1/100 | Batch 1660/2306 | Loss: 1.4826 | Acc: 0.4032
  Epoch 1/100 | Batch 1670/2306 | Loss: 1.4723 | Acc: 0.4031
  Epoch 1/100 | Batch 1680/2306 | Loss: 1.4825 | Acc: 0.3978
  Epoch 1/100 | Batch 1690/2306 | Loss: 1.4791 | Acc: 0.4019
  Epoch 1/100 | Batch 1700/2306 | Loss: 1.4779 | Acc: 0.4018
  Epoch 1/100 | Batch 1710/2306 | Loss: 1.4869 | Acc: 0.3980
  Epoch 1/100 | Batch 1720/2306 | Loss: 1.4859 | Acc: 0.3995
  Epoch 1/100 | Batch 1730/2306 | Loss: 1.4808 | Acc: 0.3969
  Epoch 1/100 | Batch 1740/2306 | Loss: 1.4867 | Acc: 0.3971
  Epoch 1/100 | Batch 1750/2306 | Loss: 1.4886 | Acc: 0.3978
  Epoch 1/100 | Batch 1760/2306 | Loss: 1.4886 | Acc: 0.3971
  Epoch 1/100 | Batch 1770/2306 | Loss: 1.4884 | Acc: 0.3984
  Epoch 1/100 | Batch 1780/2306 | Loss: 1.4805 | Acc: 0.3979
  Epoch 1/100 | Batch 1790/2306 | Loss: 1.4897 | Acc: 0.3960
  Epoch 1/100 | Batch 1800/2306 | Loss: 1.4829 | Acc: 0.3989
  Epoch 1/100 | Batch 1810/2306 | Loss: 1.4722 | Acc: 0.4047
  Epoch 1/100 | Batch 1820/2306 | Loss: 1.4820 | Acc: 0.3995
  Epoch 1/100 | Batch 1830/2306 | Loss: 1.4956 | Acc: 0.3937
  Epoch 1/100 | Batch 1840/2306 | Loss: 1.4867 | Acc: 0.3966
  Epoch 1/100 | Batch 1850/2306 | Loss: 1.4787 | Acc: 0.3998
  Epoch 1/100 | Batch 1860/2306 | Loss: 1.4681 | Acc: 0.4054
  Epoch 1/100 | Batch 1870/2306 | Loss: 1.4893 | Acc: 0.3930
  Epoch 1/100 | Batch 1880/2306 | Loss: 1.4675 | Acc: 0.4053
  Epoch 1/100 | Batch 1890/2306 | Loss: 1.4622 | Acc: 0.4071
  Epoch 1/100 | Batch 1900/2306 | Loss: 1.4817 | Acc: 0.3979
  Epoch 1/100 | Batch 1910/2306 | Loss: 1.4805 | Acc: 0.3968
  Epoch 1/100 | Batch 1920/2306 | Loss: 1.4740 | Acc: 0.4015
  Epoch 1/100 | Batch 1930/2306 | Loss: 1.4675 | Acc: 0.4059
  Epoch 1/100 | Batch 1940/2306 | Loss: 1.4735 | Acc: 0.4013
  Epoch 1/100 | Batch 1950/2306 | Loss: 1.4767 | Acc: 0.4015
  Epoch 1/100 | Batch 1960/2306 | Loss: 1.4788 | Acc: 0.4009
  Epoch 1/100 | Batch 1970/2306 | Loss: 1.4780 | Acc: 0.4011
  Epoch 1/100 | Batch 1980/2306 | Loss: 1.4772 | Acc: 0.4013
  Epoch 1/100 | Batch 1990/2306 | Loss: 1.4803 | Acc: 0.3989
  Epoch 1/100 | Batch 2000/2306 | Loss: 1.4746 | Acc: 0.4022
  Epoch 1/100 | Batch 2010/2306 | Loss: 1.4576 | Acc: 0.4079
  Epoch 1/100 | Batch 2020/2306 | Loss: 1.4769 | Acc: 0.4008
  Epoch 1/100 | Batch 2030/2306 | Loss: 1.4650 | Acc: 0.4000
  Epoch 1/100 | Batch 2040/2306 | Loss: 1.4717 | Acc: 0.4007
  Epoch 1/100 | Batch 2050/2306 | Loss: 1.4700 | Acc: 0.4029
  Epoch 1/100 | Batch 2060/2306 | Loss: 1.4735 | Acc: 0.3999
  Epoch 1/100 | Batch 2070/2306 | Loss: 1.4725 | Acc: 0.4010
  Epoch 1/100 | Batch 2080/2306 | Loss: 1.4730 | Acc: 0.4004
  Epoch 1/100 | Batch 2090/2306 | Loss: 1.4874 | Acc: 0.3963
  Epoch 1/100 | Batch 2100/2306 | Loss: 1.4689 | Acc: 0.4056
  Epoch 1/100 | Batch 2110/2306 | Loss: 1.4744 | Acc: 0.4012
  Epoch 1/100 | Batch 2120/2306 | Loss: 1.4649 | Acc: 0.4035
  Epoch 1/100 | Batch 2130/2306 | Loss: 1.4681 | Acc: 0.4026
  Epoch 1/100 | Batch 2140/2306 | Loss: 1.4605 | Acc: 0.4070
  Epoch 1/100 | Batch 2150/2306 | Loss: 1.4715 | Acc: 0.4008
  Epoch 1/100 | Batch 2160/2306 | Loss: 1.4878 | Acc: 0.3957
  Epoch 1/100 | Batch 2170/2306 | Loss: 1.4594 | Acc: 0.4058
  Epoch 1/100 | Batch 2180/2306 | Loss: 1.4594 | Acc: 0.4079
  Epoch 1/100 | Batch 2190/2306 | Loss: 1.4647 | Acc: 0.4032
  Epoch 1/100 | Batch 2200/2306 | Loss: 1.4675 | Acc: 0.4041
  Epoch 1/100 | Batch 2210/2306 | Loss: 1.4704 | Acc: 0.3972
  Epoch 1/100 | Batch 2220/2306 | Loss: 1.4754 | Acc: 0.3997
  Epoch 1/100 | Batch 2230/2306 | Loss: 1.4658 | Acc: 0.3990
  Epoch 1/100 | Batch 2240/2306 | Loss: 1.4639 | Acc: 0.4046
  Epoch 1/100 | Batch 2250/2306 | Loss: 1.4613 | Acc: 0.4045
  Epoch 1/100 | Batch 2260/2306 | Loss: 1.4659 | Acc: 0.4039
  Epoch 1/100 | Batch 2270/2306 | Loss: 1.4630 | Acc: 0.4061
  Epoch 1/100 | Batch 2280/2306 | Loss: 1.4660 | Acc: 0.4029
  Epoch 1/100 | Batch 2290/2306 | Loss: 1.4603 | Acc: 0.4039
  Epoch 1/100 | Batch 2300/2306 | Loss: 1.4619 | Acc: 0.4032

📊 Epoch 1/100
   訓練損失: 1.5879 | 準確率: 0.3738
   驗證損失: 1.4661 | 準確率: 0.4024
   學習率: 1.00e-03
   ✅ 保存最佳模型: /workspace/Mahjong/checkpoints/bc_model/best_bc_model.pt
  Epoch 2/100 | Batch 1/2306 | Loss: 1.4527 | Acc: 0.4116
  Epoch 2/100 | Batch 10/2306 | Loss: 1.4695 | Acc: 0.4002
  Epoch 2/100 | Batch 20/2306 | Loss: 1.4542 | Acc: 0.4029
  Epoch 2/100 | Batch 30/2306 | Loss: 1.4621 | Acc: 0.4030
  Epoch 2/100 | Batch 40/2306 | Loss: 1.4659 | Acc: 0.4009
  Epoch 2/100 | Batch 50/2306 | Loss: 1.4592 | Acc: 0.4056
  Epoch 2/100 | Batch 60/2306 | Loss: 1.4481 | Acc: 0.4094
  Epoch 2/100 | Batch 70/2306 | Loss: 1.4512 | Acc: 0.4089
  Epoch 2/100 | Batch 80/2306 | Loss: 1.4606 | Acc: 0.4024
  Epoch 2/100 | Batch 90/2306 | Loss: 1.4560 | Acc: 0.4078
  Epoch 2/100 | Batch 100/2306 | Loss: 1.4671 | Acc: 0.4013
  Epoch 2/100 | Batch 110/2306 | Loss: 1.4670 | Acc: 0.4010
  Epoch 2/100 | Batch 120/2306 | Loss: 1.4561 | Acc: 0.4086
  Epoch 2/100 | Batch 130/2306 | Loss: 1.4588 | Acc: 0.4063
  Epoch 2/100 | Batch 140/2306 | Loss: 1.4528 | Acc: 0.4098
  Epoch 2/100 | Batch 150/2306 | Loss: 1.4694 | Acc: 0.4002
  Epoch 2/100 | Batch 160/2306 | Loss: 1.4607 | Acc: 0.4029
  Epoch 2/100 | Batch 170/2306 | Loss: 1.4548 | Acc: 0.4078
  Epoch 2/100 | Batch 180/2306 | Loss: 1.4756 | Acc: 0.3957
  Epoch 2/100 | Batch 190/2306 | Loss: 1.4587 | Acc: 0.4020
  Epoch 2/100 | Batch 200/2306 | Loss: 1.4596 | Acc: 0.4036
  Epoch 2/100 | Batch 210/2306 | Loss: 1.4565 | Acc: 0.4079
  Epoch 2/100 | Batch 220/2306 | Loss: 1.4581 | Acc: 0.4052
  Epoch 2/100 | Batch 230/2306 | Loss: 1.4578 | Acc: 0.4054
  Epoch 2/100 | Batch 240/2306 | Loss: 1.4521 | Acc: 0.4070
  Epoch 2/100 | Batch 250/2306 | Loss: 1.4629 | Acc: 0.4028
  Epoch 2/100 | Batch 260/2306 | Loss: 1.4638 | Acc: 0.4032
  Epoch 2/100 | Batch 270/2306 | Loss: 1.4691 | Acc: 0.4028
  Epoch 2/100 | Batch 280/2306 | Loss: 1.4493 | Acc: 0.4097
  Epoch 2/100 | Batch 290/2306 | Loss: 1.4637 | Acc: 0.4022
  Epoch 2/100 | Batch 300/2306 | Loss: 1.4550 | Acc: 0.4066
  Epoch 2/100 | Batch 310/2306 | Loss: 1.4522 | Acc: 0.4082
  Epoch 2/100 | Batch 320/2306 | Loss: 1.4499 | Acc: 0.4073
  Epoch 2/100 | Batch 330/2306 | Loss: 1.4500 | Acc: 0.4092
  Epoch 2/100 | Batch 340/2306 | Loss: 1.4594 | Acc: 0.4034
  Epoch 2/100 | Batch 350/2306 | Loss: 1.4572 | Acc: 0.4051
  Epoch 2/100 | Batch 360/2306 | Loss: 1.4475 | Acc: 0.4078
  Epoch 2/100 | Batch 370/2306 | Loss: 1.4671 | Acc: 0.3994
  Epoch 2/100 | Batch 380/2306 | Loss: 1.4545 | Acc: 0.4046
  Epoch 2/100 | Batch 390/2306 | Loss: 1.4416 | Acc: 0.4104
  Epoch 2/100 | Batch 400/2306 | Loss: 1.4549 | Acc: 0.4039
  Epoch 2/100 | Batch 410/2306 | Loss: 1.4661 | Acc: 0.4019
  Epoch 2/100 | Batch 420/2306 | Loss: 1.4588 | Acc: 0.4010
  Epoch 2/100 | Batch 430/2306 | Loss: 1.4595 | Acc: 0.4064
  Epoch 2/100 | Batch 440/2306 | Loss: 1.4554 | Acc: 0.4040
  Epoch 2/100 | Batch 450/2306 | Loss: 1.4425 | Acc: 0.4110
  Epoch 2/100 | Batch 460/2306 | Loss: 1.4490 | Acc: 0.4071
  Epoch 2/100 | Batch 470/2306 | Loss: 1.4526 | Acc: 0.4079
  Epoch 2/100 | Batch 480/2306 | Loss: 1.4600 | Acc: 0.4022
  Epoch 2/100 | Batch 490/2306 | Loss: 1.4494 | Acc: 0.4102
  Epoch 2/100 | Batch 500/2306 | Loss: 1.4446 | Acc: 0.4094
  Epoch 2/100 | Batch 510/2306 | Loss: 1.4508 | Acc: 0.4068
  Epoch 2/100 | Batch 520/2306 | Loss: 1.4540 | Acc: 0.4036
  Epoch 2/100 | Batch 530/2306 | Loss: 1.4630 | Acc: 0.4004
  Epoch 2/100 | Batch 540/2306 | Loss: 1.4511 | Acc: 0.4085
  Epoch 2/100 | Batch 550/2306 | Loss: 1.4619 | Acc: 0.4005
  Epoch 2/100 | Batch 560/2306 | Loss: 1.4626 | Acc: 0.4024
  Epoch 2/100 | Batch 570/2306 | Loss: 1.4524 | Acc: 0.4074
  Epoch 2/100 | Batch 580/2306 | Loss: 1.4538 | Acc: 0.4053
  Epoch 2/100 | Batch 590/2306 | Loss: 1.4522 | Acc: 0.4067
  Epoch 2/100 | Batch 600/2306 | Loss: 1.4573 | Acc: 0.4060
  Epoch 2/100 | Batch 610/2306 | Loss: 1.4449 | Acc: 0.4096
  Epoch 2/100 | Batch 620/2306 | Loss: 1.4538 | Acc: 0.4047
  Epoch 2/100 | Batch 630/2306 | Loss: 1.4513 | Acc: 0.4062
  Epoch 2/100 | Batch 640/2306 | Loss: 1.4511 | Acc: 0.4069
  Epoch 2/100 | Batch 650/2306 | Loss: 1.4498 | Acc: 0.4067
  Epoch 2/100 | Batch 660/2306 | Loss: 1.4541 | Acc: 0.4033
  Epoch 2/100 | Batch 670/2306 | Loss: 1.4527 | Acc: 0.4026
  Epoch 2/100 | Batch 680/2306 | Loss: 1.4473 | Acc: 0.4063
  Epoch 2/100 | Batch 690/2306 | Loss: 1.4479 | Acc: 0.4075
  Epoch 2/100 | Batch 700/2306 | Loss: 1.4518 | Acc: 0.4066
  Epoch 2/100 | Batch 710/2306 | Loss: 1.4461 | Acc: 0.4107
  Epoch 2/100 | Batch 720/2306 | Loss: 1.4511 | Acc: 0.4041
  Epoch 2/100 | Batch 730/2306 | Loss: 1.4489 | Acc: 0.4070
  Epoch 2/100 | Batch 740/2306 | Loss: 1.4444 | Acc: 0.4080
  Epoch 2/100 | Batch 750/2306 | Loss: 1.4414 | Acc: 0.4087
  Epoch 2/100 | Batch 760/2306 | Loss: 1.4512 | Acc: 0.4053
  Epoch 2/100 | Batch 770/2306 | Loss: 1.4443 | Acc: 0.4085
  Epoch 2/100 | Batch 780/2306 | Loss: 1.4591 | Acc: 0.4017
  Epoch 2/100 | Batch 790/2306 | Loss: 1.4586 | Acc: 0.3995
  Epoch 2/100 | Batch 800/2306 | Loss: 1.4423 | Acc: 0.4096
  Epoch 2/100 | Batch 810/2306 | Loss: 1.4484 | Acc: 0.4087
  Epoch 2/100 | Batch 820/2306 | Loss: 1.4537 | Acc: 0.4059
  Epoch 2/100 | Batch 830/2306 | Loss: 1.4643 | Acc: 0.3977
  Epoch 2/100 | Batch 840/2306 | Loss: 1.4512 | Acc: 0.4062
  Epoch 2/100 | Batch 850/2306 | Loss: 1.4501 | Acc: 0.4072
  Epoch 2/100 | Batch 860/2306 | Loss: 1.4503 | Acc: 0.4081
  Epoch 2/100 | Batch 870/2306 | Loss: 1.4369 | Acc: 0.4088
  Epoch 2/100 | Batch 880/2306 | Loss: 1.4449 | Acc: 0.4078
  Epoch 2/100 | Batch 890/2306 | Loss: 1.4356 | Acc: 0.4126
  Epoch 2/100 | Batch 900/2306 | Loss: 1.4586 | Acc: 0.4029
  Epoch 2/100 | Batch 910/2306 | Loss: 1.4402 | Acc: 0.4090
  Epoch 2/100 | Batch 920/2306 | Loss: 1.4415 | Acc: 0.4090
  Epoch 2/100 | Batch 930/2306 | Loss: 1.4526 | Acc: 0.4071
  Epoch 2/100 | Batch 940/2306 | Loss: 1.4483 | Acc: 0.4051
  Epoch 2/100 | Batch 950/2306 | Loss: 1.4518 | Acc: 0.4052
  Epoch 2/100 | Batch 960/2306 | Loss: 1.4507 | Acc: 0.4050
  Epoch 2/100 | Batch 970/2306 | Loss: 1.4547 | Acc: 0.4061
  Epoch 2/100 | Batch 980/2306 | Loss: 1.4569 | Acc: 0.4016
  Epoch 2/100 | Batch 990/2306 | Loss: 1.4462 | Acc: 0.4078
  Epoch 2/100 | Batch 1000/2306 | Loss: 1.4486 | Acc: 0.4036
  Epoch 2/100 | Batch 1010/2306 | Loss: 1.4544 | Acc: 0.4033
  Epoch 2/100 | Batch 1020/2306 | Loss: 1.4408 | Acc: 0.4090
  Epoch 2/100 | Batch 1030/2306 | Loss: 1.4593 | Acc: 0.4029
  Epoch 2/100 | Batch 1040/2306 | Loss: 1.4453 | Acc: 0.4076
  Epoch 2/100 | Batch 1050/2306 | Loss: 1.4533 | Acc: 0.4051
  Epoch 2/100 | Batch 1060/2306 | Loss: 1.4431 | Acc: 0.4093
  Epoch 2/100 | Batch 1070/2306 | Loss: 1.4410 | Acc: 0.4086
  Epoch 2/100 | Batch 1080/2306 | Loss: 1.4424 | Acc: 0.4101
  Epoch 2/100 | Batch 1090/2306 | Loss: 1.4348 | Acc: 0.4115
  Epoch 2/100 | Batch 1100/2306 | Loss: 1.4309 | Acc: 0.4135
  Epoch 2/100 | Batch 1110/2306 | Loss: 1.4475 | Acc: 0.4072
  Epoch 2/100 | Batch 1120/2306 | Loss: 1.4526 | Acc: 0.4080
  Epoch 2/100 | Batch 1130/2306 | Loss: 1.4418 | Acc: 0.4103
  Epoch 2/100 | Batch 1140/2306 | Loss: 1.4441 | Acc: 0.4076
  Epoch 2/100 | Batch 1150/2306 | Loss: 1.4339 | Acc: 0.4135
  Epoch 2/100 | Batch 1160/2306 | Loss: 1.4404 | Acc: 0.4096
  Epoch 2/100 | Batch 1170/2306 | Loss: 1.4420 | Acc: 0.4083
  Epoch 2/100 | Batch 1180/2306 | Loss: 1.4392 | Acc: 0.4123
  Epoch 2/100 | Batch 1190/2306 | Loss: 1.4420 | Acc: 0.4094
  Epoch 2/100 | Batch 1200/2306 | Loss: 1.4433 | Acc: 0.4088
  Epoch 2/100 | Batch 1210/2306 | Loss: 1.4251 | Acc: 0.4153
  Epoch 2/100 | Batch 1220/2306 | Loss: 1.4438 | Acc: 0.4080
  Epoch 2/100 | Batch 1230/2306 | Loss: 1.4574 | Acc: 0.4022
  Epoch 2/100 | Batch 1240/2306 | Loss: 1.4394 | Acc: 0.4083
  Epoch 2/100 | Batch 1250/2306 | Loss: 1.4426 | Acc: 0.4058
  Epoch 2/100 | Batch 1260/2306 | Loss: 1.4508 | Acc: 0.4049
  Epoch 2/100 | Batch 1270/2306 | Loss: 1.4470 | Acc: 0.4074
  Epoch 2/100 | Batch 1280/2306 | Loss: 1.4466 | Acc: 0.4053
  Epoch 2/100 | Batch 1290/2306 | Loss: 1.4360 | Acc: 0.4107
  Epoch 2/100 | Batch 1300/2306 | Loss: 1.4386 | Acc: 0.4056
  Epoch 2/100 | Batch 1310/2306 | Loss: 1.4420 | Acc: 0.4082
  Epoch 2/100 | Batch 1320/2306 | Loss: 1.4497 | Acc: 0.4065
  Epoch 2/100 | Batch 1330/2306 | Loss: 1.4320 | Acc: 0.4104
  Epoch 2/100 | Batch 1340/2306 | Loss: 1.4404 | Acc: 0.4083
  Epoch 2/100 | Batch 1350/2306 | Loss: 1.4235 | Acc: 0.4154
  Epoch 2/100 | Batch 1360/2306 | Loss: 1.4408 | Acc: 0.4095
  Epoch 2/100 | Batch 1370/2306 | Loss: 1.4410 | Acc: 0.4102
  Epoch 2/100 | Batch 1380/2306 | Loss: 1.4408 | Acc: 0.4070
  Epoch 2/100 | Batch 1390/2306 | Loss: 1.4378 | Acc: 0.4056
  Epoch 2/100 | Batch 1400/2306 | Loss: 1.4293 | Acc: 0.4152
  Epoch 2/100 | Batch 1410/2306 | Loss: 1.4396 | Acc: 0.4103
  Epoch 2/100 | Batch 1420/2306 | Loss: 1.4323 | Acc: 0.4135
  Epoch 2/100 | Batch 1430/2306 | Loss: 1.4410 | Acc: 0.4102
  Epoch 2/100 | Batch 1440/2306 | Loss: 1.4342 | Acc: 0.4117
  Epoch 2/100 | Batch 1450/2306 | Loss: 1.4321 | Acc: 0.4126
  Epoch 2/100 | Batch 1460/2306 | Loss: 1.4443 | Acc: 0.4071
  Epoch 2/100 | Batch 1470/2306 | Loss: 1.4441 | Acc: 0.4070
  Epoch 2/100 | Batch 1480/2306 | Loss: 1.4275 | Acc: 0.4158
  Epoch 2/100 | Batch 1490/2306 | Loss: 1.4419 | Acc: 0.4085
  Epoch 2/100 | Batch 1500/2306 | Loss: 1.4369 | Acc: 0.4092
  Epoch 2/100 | Batch 1510/2306 | Loss: 1.4380 | Acc: 0.4082
  Epoch 2/100 | Batch 1520/2306 | Loss: 1.4423 | Acc: 0.4049
  Epoch 2/100 | Batch 1530/2306 | Loss: 1.4264 | Acc: 0.4171
  Epoch 2/100 | Batch 1540/2306 | Loss: 1.4416 | Acc: 0.4095
  Epoch 2/100 | Batch 1550/2306 | Loss: 1.4373 | Acc: 0.4106
  Epoch 2/100 | Batch 1560/2306 | Loss: 1.4364 | Acc: 0.4094
  Epoch 2/100 | Batch 1570/2306 | Loss: 1.4418 | Acc: 0.4092
  Epoch 2/100 | Batch 1580/2306 | Loss: 1.4337 | Acc: 0.4145
  Epoch 2/100 | Batch 1590/2306 | Loss: 1.4417 | Acc: 0.4058
  Epoch 2/100 | Batch 1600/2306 | Loss: 1.4347 | Acc: 0.4096
  Epoch 2/100 | Batch 1610/2306 | Loss: 1.4423 | Acc: 0.4106
  Epoch 2/100 | Batch 1620/2306 | Loss: 1.4348 | Acc: 0.4140
  Epoch 2/100 | Batch 1630/2306 | Loss: 1.4404 | Acc: 0.4076
  Epoch 2/100 | Batch 1640/2306 | Loss: 1.4464 | Acc: 0.4058
  Epoch 2/100 | Batch 1650/2306 | Loss: 1.4348 | Acc: 0.4114
  Epoch 2/100 | Batch 1660/2306 | Loss: 1.4266 | Acc: 0.4136
  Epoch 2/100 | Batch 1670/2306 | Loss: 1.4397 | Acc: 0.4069
  Epoch 2/100 | Batch 1680/2306 | Loss: 1.4455 | Acc: 0.4051
  Epoch 2/100 | Batch 1690/2306 | Loss: 1.4408 | Acc: 0.4081
  Epoch 2/100 | Batch 1700/2306 | Loss: 1.4476 | Acc: 0.4058
  Epoch 2/100 | Batch 1710/2306 | Loss: 1.4409 | Acc: 0.4098
  Epoch 2/100 | Batch 1720/2306 | Loss: 1.4360 | Acc: 0.4100
  Epoch 2/100 | Batch 1730/2306 | Loss: 1.4315 | Acc: 0.4107
  Epoch 2/100 | Batch 1740/2306 | Loss: 1.4449 | Acc: 0.4067
  Epoch 2/100 | Batch 1750/2306 | Loss: 1.4376 | Acc: 0.4102
  Epoch 2/100 | Batch 1760/2306 | Loss: 1.4320 | Acc: 0.4099
  Epoch 2/100 | Batch 1770/2306 | Loss: 1.4308 | Acc: 0.4123
  Epoch 2/100 | Batch 1780/2306 | Loss: 1.4508 | Acc: 0.4060
  Epoch 2/100 | Batch 1790/2306 | Loss: 1.4422 | Acc: 0.4034
  Epoch 2/100 | Batch 1800/2306 | Loss: 1.4345 | Acc: 0.4131
  Epoch 2/100 | Batch 1810/2306 | Loss: 1.4290 | Acc: 0.4134
  Epoch 2/100 | Batch 1820/2306 | Loss: 1.4307 | Acc: 0.4118
  Epoch 2/100 | Batch 1830/2306 | Loss: 1.4346 | Acc: 0.4108
  Epoch 2/100 | Batch 1840/2306 | Loss: 1.4245 | Acc: 0.4152
  Epoch 2/100 | Batch 1850/2306 | Loss: 1.4340 | Acc: 0.4108
  Epoch 2/100 | Batch 1860/2306 | Loss: 1.4261 | Acc: 0.4118
  Epoch 2/100 | Batch 1870/2306 | Loss: 1.4469 | Acc: 0.4013
  Epoch 2/100 | Batch 1880/2306 | Loss: 1.4360 | Acc: 0.4107
  Epoch 2/100 | Batch 1890/2306 | Loss: 1.4404 | Acc: 0.4077
  Epoch 2/100 | Batch 1900/2306 | Loss: 1.4371 | Acc: 0.4080
  Epoch 2/100 | Batch 1910/2306 | Loss: 1.4471 | Acc: 0.4048
  Epoch 2/100 | Batch 1920/2306 | Loss: 1.4292 | Acc: 0.4101
  Epoch 2/100 | Batch 1930/2306 | Loss: 1.4346 | Acc: 0.4121
  Epoch 2/100 | Batch 1940/2306 | Loss: 1.4260 | Acc: 0.4133
  Epoch 2/100 | Batch 1950/2306 | Loss: 1.4223 | Acc: 0.4152
  Epoch 2/100 | Batch 1960/2306 | Loss: 1.4298 | Acc: 0.4110
  Epoch 2/100 | Batch 1970/2306 | Loss: 1.4347 | Acc: 0.4083
  Epoch 2/100 | Batch 1980/2306 | Loss: 1.4197 | Acc: 0.4179
  Epoch 2/100 | Batch 1990/2306 | Loss: 1.4248 | Acc: 0.4138
  Epoch 2/100 | Batch 2000/2306 | Loss: 1.4480 | Acc: 0.4060
  Epoch 2/100 | Batch 2010/2306 | Loss: 1.4352 | Acc: 0.4112
  Epoch 2/100 | Batch 2020/2306 | Loss: 1.4262 | Acc: 0.4126
  Epoch 2/100 | Batch 2030/2306 | Loss: 1.4375 | Acc: 0.4106
  Epoch 2/100 | Batch 2040/2306 | Loss: 1.4430 | Acc: 0.4048
  Epoch 2/100 | Batch 2050/2306 | Loss: 1.4302 | Acc: 0.4097
  Epoch 2/100 | Batch 2060/2306 | Loss: 1.4456 | Acc: 0.4022
  Epoch 2/100 | Batch 2070/2306 | Loss: 1.4333 | Acc: 0.4108
  Epoch 2/100 | Batch 2080/2306 | Loss: 1.4319 | Acc: 0.4099
  Epoch 2/100 | Batch 2090/2306 | Loss: 1.4231 | Acc: 0.4120
  Epoch 2/100 | Batch 2100/2306 | Loss: 1.4349 | Acc: 0.4124
  Epoch 2/100 | Batch 2110/2306 | Loss: 1.4328 | Acc: 0.4113
  Epoch 2/100 | Batch 2120/2306 | Loss: 1.4467 | Acc: 0.4047
  Epoch 2/100 | Batch 2130/2306 | Loss: 1.4296 | Acc: 0.4107
  Epoch 2/100 | Batch 2140/2306 | Loss: 1.4307 | Acc: 0.4120
  Epoch 2/100 | Batch 2150/2306 | Loss: 1.4317 | Acc: 0.4123
  Epoch 2/100 | Batch 2160/2306 | Loss: 1.4372 | Acc: 0.4085
  Epoch 2/100 | Batch 2170/2306 | Loss: 1.4140 | Acc: 0.4179
  Epoch 2/100 | Batch 2180/2306 | Loss: 1.4360 | Acc: 0.4101
  Epoch 2/100 | Batch 2190/2306 | Loss: 1.4401 | Acc: 0.4097
  Epoch 2/100 | Batch 2200/2306 | Loss: 1.4235 | Acc: 0.4105
  Epoch 2/100 | Batch 2210/2306 | Loss: 1.4250 | Acc: 0.4120
  Epoch 2/100 | Batch 2220/2306 | Loss: 1.4488 | Acc: 0.4029
  Epoch 2/100 | Batch 2230/2306 | Loss: 1.4232 | Acc: 0.4127
  Epoch 2/100 | Batch 2240/2306 | Loss: 1.4288 | Acc: 0.4125
  Epoch 2/100 | Batch 2250/2306 | Loss: 1.4286 | Acc: 0.4095
  Epoch 2/100 | Batch 2260/2306 | Loss: 1.4331 | Acc: 0.4100
  Epoch 2/100 | Batch 2270/2306 | Loss: 1.4171 | Acc: 0.4172
  Epoch 2/100 | Batch 2280/2306 | Loss: 1.4364 | Acc: 0.4069
  Epoch 2/100 | Batch 2290/2306 | Loss: 1.4254 | Acc: 0.4149
  Epoch 2/100 | Batch 2300/2306 | Loss: 1.4370 | Acc: 0.4101

📊 Epoch 2/100
   訓練損失: 1.4447 | 準確率: 0.4076
   驗證損失: 1.4325 | 準確率: 0.4103
   學習率: 9.99e-04
   ✅ 保存最佳模型: /workspace/Mahjong/checkpoints/bc_model/best_bc_model.pt
  Epoch 3/100 | Batch 1/2306 | Loss: 1.4343 | Acc: 0.4105
  Epoch 3/100 | Batch 10/2306 | Loss: 1.4393 | Acc: 0.4063
  Epoch 3/100 | Batch 20/2306 | Loss: 1.4292 | Acc: 0.4120
  Epoch 3/100 | Batch 30/2306 | Loss: 1.4200 | Acc: 0.4170
  Epoch 3/100 | Batch 40/2306 | Loss: 1.4254 | Acc: 0.4101
  Epoch 3/100 | Batch 50/2306 | Loss: 1.4298 | Acc: 0.4133
  Epoch 3/100 | Batch 60/2306 | Loss: 1.4316 | Acc: 0.4103
  Epoch 3/100 | Batch 70/2306 | Loss: 1.4212 | Acc: 0.4156
  Epoch 3/100 | Batch 80/2306 | Loss: 1.4366 | Acc: 0.4067
  Epoch 3/100 | Batch 90/2306 | Loss: 1.4248 | Acc: 0.4137
  Epoch 3/100 | Batch 100/2306 | Loss: 1.4137 | Acc: 0.4178
  Epoch 3/100 | Batch 110/2306 | Loss: 1.4229 | Acc: 0.4133
  Epoch 3/100 | Batch 120/2306 | Loss: 1.4268 | Acc: 0.4127
  Epoch 3/100 | Batch 130/2306 | Loss: 1.4359 | Acc: 0.4086
  Epoch 3/100 | Batch 140/2306 | Loss: 1.4313 | Acc: 0.4098
  Epoch 3/100 | Batch 150/2306 | Loss: 1.4284 | Acc: 0.4100
  Epoch 3/100 | Batch 160/2306 | Loss: 1.4145 | Acc: 0.4172
  Epoch 3/100 | Batch 170/2306 | Loss: 1.4425 | Acc: 0.4041
  Epoch 3/100 | Batch 180/2306 | Loss: 1.4374 | Acc: 0.4087
  Epoch 3/100 | Batch 190/2306 | Loss: 1.4207 | Acc: 0.4143
  Epoch 3/100 | Batch 200/2306 | Loss: 1.4335 | Acc: 0.4075
  Epoch 3/100 | Batch 210/2306 | Loss: 1.4231 | Acc: 0.4109
  Epoch 3/100 | Batch 220/2306 | Loss: 1.4365 | Acc: 0.4091
  Epoch 3/100 | Batch 230/2306 | Loss: 1.4301 | Acc: 0.4100
  Epoch 3/100 | Batch 240/2306 | Loss: 1.4268 | Acc: 0.4106
  Epoch 3/100 | Batch 250/2306 | Loss: 1.4316 | Acc: 0.4088
  Epoch 3/100 | Batch 260/2306 | Loss: 1.4209 | Acc: 0.4139
  Epoch 3/100 | Batch 270/2306 | Loss: 1.4240 | Acc: 0.4121
  Epoch 3/100 | Batch 280/2306 | Loss: 1.4327 | Acc: 0.4081
  Epoch 3/100 | Batch 290/2306 | Loss: 1.4300 | Acc: 0.4101
  Epoch 3/100 | Batch 300/2306 | Loss: 1.4196 | Acc: 0.4136
  Epoch 3/100 | Batch 310/2306 | Loss: 1.4223 | Acc: 0.4154
  Epoch 3/100 | Batch 320/2306 | Loss: 1.4256 | Acc: 0.4133
  Epoch 3/100 | Batch 330/2306 | Loss: 1.4367 | Acc: 0.4074
  Epoch 3/100 | Batch 340/2306 | Loss: 1.4273 | Acc: 0.4121
  Epoch 3/100 | Batch 350/2306 | Loss: 1.4273 | Acc: 0.4106
  Epoch 3/100 | Batch 360/2306 | Loss: 1.4196 | Acc: 0.4141
  Epoch 3/100 | Batch 370/2306 | Loss: 1.4346 | Acc: 0.4099
  Epoch 3/100 | Batch 380/2306 | Loss: 1.4201 | Acc: 0.4160
  Epoch 3/100 | Batch 390/2306 | Loss: 1.4223 | Acc: 0.4120
  Epoch 3/100 | Batch 400/2306 | Loss: 1.4286 | Acc: 0.4126
  Epoch 3/100 | Batch 410/2306 | Loss: 1.4212 | Acc: 0.4131
  Epoch 3/100 | Batch 420/2306 | Loss: 1.4346 | Acc: 0.4075
  Epoch 3/100 | Batch 430/2306 | Loss: 1.4295 | Acc: 0.4114
  Epoch 3/100 | Batch 440/2306 | Loss: 1.4225 | Acc: 0.4138
  Epoch 3/100 | Batch 450/2306 | Loss: 1.4350 | Acc: 0.4061
  Epoch 3/100 | Batch 460/2306 | Loss: 1.4164 | Acc: 0.4166
  Epoch 3/100 | Batch 470/2306 | Loss: 1.4268 | Acc: 0.4093
  Epoch 3/100 | Batch 480/2306 | Loss: 1.4130 | Acc: 0.4170
  Epoch 3/100 | Batch 490/2306 | Loss: 1.4256 | Acc: 0.4114
  Epoch 3/100 | Batch 500/2306 | Loss: 1.4307 | Acc: 0.4088
  Epoch 3/100 | Batch 510/2306 | Loss: 1.4328 | Acc: 0.4079
  Epoch 3/100 | Batch 520/2306 | Loss: 1.4230 | Acc: 0.4128
  Epoch 3/100 | Batch 530/2306 | Loss: 1.4321 | Acc: 0.4093
  Epoch 3/100 | Batch 540/2306 | Loss: 1.4246 | Acc: 0.4135
  Epoch 3/100 | Batch 550/2306 | Loss: 1.4302 | Acc: 0.4113
  Epoch 3/100 | Batch 560/2306 | Loss: 1.4275 | Acc: 0.4132
  Epoch 3/100 | Batch 570/2306 | Loss: 1.4280 | Acc: 0.4133
  Epoch 3/100 | Batch 580/2306 | Loss: 1.4246 | Acc: 0.4146
  Epoch 3/100 | Batch 590/2306 | Loss: 1.4207 | Acc: 0.4136
  Epoch 3/100 | Batch 600/2306 | Loss: 1.4188 | Acc: 0.4156
  Epoch 3/100 | Batch 610/2306 | Loss: 1.4338 | Acc: 0.4075
  Epoch 3/100 | Batch 620/2306 | Loss: 1.4218 | Acc: 0.4143
  Epoch 3/100 | Batch 630/2306 | Loss: 1.4312 | Acc: 0.4076
  Epoch 3/100 | Batch 640/2306 | Loss: 1.4308 | Acc: 0.4105
  Epoch 3/100 | Batch 650/2306 | Loss: 1.4158 | Acc: 0.4141
  Epoch 3/100 | Batch 660/2306 | Loss: 1.4190 | Acc: 0.4156
  Epoch 3/100 | Batch 670/2306 | Loss: 1.4158 | Acc: 0.4167
  Epoch 3/100 | Batch 680/2306 | Loss: 1.4213 | Acc: 0.4183
  Epoch 3/100 | Batch 690/2306 | Loss: 1.4105 | Acc: 0.4154
  Epoch 3/100 | Batch 700/2306 | Loss: 1.4220 | Acc: 0.4122
  Epoch 3/100 | Batch 710/2306 | Loss: 1.4259 | Acc: 0.4116
  Epoch 3/100 | Batch 720/2306 | Loss: 1.4369 | Acc: 0.4070
  Epoch 3/100 | Batch 730/2306 | Loss: 1.4237 | Acc: 0.4136
  Epoch 3/100 | Batch 740/2306 | Loss: 1.4083 | Acc: 0.4227
  Epoch 3/100 | Batch 750/2306 | Loss: 1.4157 | Acc: 0.4187
  Epoch 3/100 | Batch 760/2306 | Loss: 1.4162 | Acc: 0.4172
  Epoch 3/100 | Batch 770/2306 | Loss: 1.4215 | Acc: 0.4121
  Epoch 3/100 | Batch 780/2306 | Loss: 1.4092 | Acc: 0.4181
  Epoch 3/100 | Batch 790/2306 | Loss: 1.4245 | Acc: 0.4140
  Epoch 3/100 | Batch 800/2306 | Loss: 1.4149 | Acc: 0.4159
  Epoch 3/100 | Batch 810/2306 | Loss: 1.4219 | Acc: 0.4137
  Epoch 3/100 | Batch 820/2306 | Loss: 1.4235 | Acc: 0.4148
  Epoch 3/100 | Batch 830/2306 | Loss: 1.4244 | Acc: 0.4123
  Epoch 3/100 | Batch 840/2306 | Loss: 1.4391 | Acc: 0.4069
  Epoch 3/100 | Batch 850/2306 | Loss: 1.4231 | Acc: 0.4130
  Epoch 3/100 | Batch 860/2306 | Loss: 1.4328 | Acc: 0.4102
  Epoch 3/100 | Batch 870/2306 | Loss: 1.4115 | Acc: 0.4158
  Epoch 3/100 | Batch 880/2306 | Loss: 1.4313 | Acc: 0.4085
  Epoch 3/100 | Batch 890/2306 | Loss: 1.4188 | Acc: 0.4156
  Epoch 3/100 | Batch 900/2306 | Loss: 1.4268 | Acc: 0.4120
  Epoch 3/100 | Batch 910/2306 | Loss: 1.4325 | Acc: 0.4096
  Epoch 3/100 | Batch 920/2306 | Loss: 1.4172 | Acc: 0.4145
  Epoch 3/100 | Batch 930/2306 | Loss: 1.4124 | Acc: 0.4194
  Epoch 3/100 | Batch 940/2306 | Loss: 1.4346 | Acc: 0.4084
  Epoch 3/100 | Batch 950/2306 | Loss: 1.4134 | Acc: 0.4170
  Epoch 3/100 | Batch 960/2306 | Loss: 1.4376 | Acc: 0.4040
  Epoch 3/100 | Batch 970/2306 | Loss: 1.4199 | Acc: 0.4127
  Epoch 3/100 | Batch 980/2306 | Loss: 1.4238 | Acc: 0.4141
  Epoch 3/100 | Batch 990/2306 | Loss: 1.4250 | Acc: 0.4104
  Epoch 3/100 | Batch 1000/2306 | Loss: 1.4162 | Acc: 0.4144
  Epoch 3/100 | Batch 1010/2306 | Loss: 1.4362 | Acc: 0.4064
  Epoch 3/100 | Batch 1020/2306 | Loss: 1.4287 | Acc: 0.4091
  Epoch 3/100 | Batch 1030/2306 | Loss: 1.4084 | Acc: 0.4183
  Epoch 3/100 | Batch 1040/2306 | Loss: 1.4082 | Acc: 0.4178
  Epoch 3/100 | Batch 1050/2306 | Loss: 1.4263 | Acc: 0.4111
  Epoch 3/100 | Batch 1060/2306 | Loss: 1.4215 | Acc: 0.4134
  Epoch 3/100 | Batch 1070/2306 | Loss: 1.4055 | Acc: 0.4208
  Epoch 3/100 | Batch 1080/2306 | Loss: 1.4323 | Acc: 0.4101
  Epoch 3/100 | Batch 1090/2306 | Loss: 1.4265 | Acc: 0.4123
  Epoch 3/100 | Batch 1100/2306 | Loss: 1.4352 | Acc: 0.4066
  Epoch 3/100 | Batch 1110/2306 | Loss: 1.4272 | Acc: 0.4115
  Epoch 3/100 | Batch 1120/2306 | Loss: 1.4200 | Acc: 0.4173
  Epoch 3/100 | Batch 1130/2306 | Loss: 1.4371 | Acc: 0.4082
  Epoch 3/100 | Batch 1140/2306 | Loss: 1.4167 | Acc: 0.4126
  Epoch 3/100 | Batch 1150/2306 | Loss: 1.4159 | Acc: 0.4181
  Epoch 3/100 | Batch 1160/2306 | Loss: 1.4080 | Acc: 0.4166
  Epoch 3/100 | Batch 1170/2306 | Loss: 1.4161 | Acc: 0.4128
  Epoch 3/100 | Batch 1180/2306 | Loss: 1.4241 | Acc: 0.4149
  Epoch 3/100 | Batch 1190/2306 | Loss: 1.4197 | Acc: 0.4141
  Epoch 3/100 | Batch 1200/2306 | Loss: 1.4354 | Acc: 0.4061
  Epoch 3/100 | Batch 1210/2306 | Loss: 1.4212 | Acc: 0.4127
  Epoch 3/100 | Batch 1220/2306 | Loss: 1.4308 | Acc: 0.4127
  Epoch 3/100 | Batch 1230/2306 | Loss: 1.4218 | Acc: 0.4115
  Epoch 3/100 | Batch 1240/2306 | Loss: 1.4121 | Acc: 0.4153
  Epoch 3/100 | Batch 1250/2306 | Loss: 1.4234 | Acc: 0.4120
  Epoch 3/100 | Batch 1260/2306 | Loss: 1.4390 | Acc: 0.4057
  Epoch 3/100 | Batch 1270/2306 | Loss: 1.4357 | Acc: 0.4086
  Epoch 3/100 | Batch 1280/2306 | Loss: 1.4169 | Acc: 0.4176
  Epoch 3/100 | Batch 1290/2306 | Loss: 1.4134 | Acc: 0.4156
  Epoch 3/100 | Batch 1300/2306 | Loss: 1.4168 | Acc: 0.4145
  Epoch 3/100 | Batch 1310/2306 | Loss: 1.4166 | Acc: 0.4137
  Epoch 3/100 | Batch 1320/2306 | Loss: 1.4160 | Acc: 0.4146
  Epoch 3/100 | Batch 1330/2306 | Loss: 1.4199 | Acc: 0.4129
  Epoch 3/100 | Batch 1340/2306 | Loss: 1.3957 | Acc: 0.4232
  Epoch 3/100 | Batch 1350/2306 | Loss: 1.4157 | Acc: 0.4152
  Epoch 3/100 | Batch 1360/2306 | Loss: 1.4125 | Acc: 0.4159
  Epoch 3/100 | Batch 1370/2306 | Loss: 1.4108 | Acc: 0.4180
  Epoch 3/100 | Batch 1380/2306 | Loss: 1.4097 | Acc: 0.4161
  Epoch 3/100 | Batch 1390/2306 | Loss: 1.4197 | Acc: 0.4132
  Epoch 3/100 | Batch 1400/2306 | Loss: 1.4130 | Acc: 0.4138
  Epoch 3/100 | Batch 1410/2306 | Loss: 1.4252 | Acc: 0.4111
  Epoch 3/100 | Batch 1420/2306 | Loss: 1.4228 | Acc: 0.4110
  Epoch 3/100 | Batch 1430/2306 | Loss: 1.4228 | Acc: 0.4109
  Epoch 3/100 | Batch 1440/2306 | Loss: 1.4162 | Acc: 0.4183
  Epoch 3/100 | Batch 1450/2306 | Loss: 1.4143 | Acc: 0.4133
  Epoch 3/100 | Batch 1460/2306 | Loss: 1.4096 | Acc: 0.4161
  Epoch 3/100 | Batch 1470/2306 | Loss: 1.4306 | Acc: 0.4091
  Epoch 3/100 | Batch 1480/2306 | Loss: 1.4078 | Acc: 0.4185
  Epoch 3/100 | Batch 1490/2306 | Loss: 1.4150 | Acc: 0.4141
  Epoch 3/100 | Batch 1500/2306 | Loss: 1.4281 | Acc: 0.4079
  Epoch 3/100 | Batch 1510/2306 | Loss: 1.4080 | Acc: 0.4173
  Epoch 3/100 | Batch 1520/2306 | Loss: 1.4053 | Acc: 0.4208
  Epoch 3/100 | Batch 1530/2306 | Loss: 1.4325 | Acc: 0.4074
  Epoch 3/100 | Batch 1540/2306 | Loss: 1.4232 | Acc: 0.4114
  Epoch 3/100 | Batch 1550/2306 | Loss: 1.4024 | Acc: 0.4206
  Epoch 3/100 | Batch 1560/2306 | Loss: 1.4118 | Acc: 0.4169
  Epoch 3/100 | Batch 1570/2306 | Loss: 1.4094 | Acc: 0.4165
  Epoch 3/100 | Batch 1580/2306 | Loss: 1.3985 | Acc: 0.4228
  Epoch 3/100 | Batch 1590/2306 | Loss: 1.4111 | Acc: 0.4178
  Epoch 3/100 | Batch 1600/2306 | Loss: 1.4028 | Acc: 0.4219
  Epoch 3/100 | Batch 1610/2306 | Loss: 1.4047 | Acc: 0.4172
  Epoch 3/100 | Batch 1620/2306 | Loss: 1.4156 | Acc: 0.4150
  Epoch 3/100 | Batch 1630/2306 | Loss: 1.4173 | Acc: 0.4133
  Epoch 3/100 | Batch 1640/2306 | Loss: 1.4197 | Acc: 0.4106
  Epoch 3/100 | Batch 1650/2306 | Loss: 1.4196 | Acc: 0.4139
  Epoch 3/100 | Batch 1660/2306 | Loss: 1.4139 | Acc: 0.4157
  Epoch 3/100 | Batch 1670/2306 | Loss: 1.4164 | Acc: 0.4135
  Epoch 3/100 | Batch 1680/2306 | Loss: 1.4277 | Acc: 0.4108
  Epoch 3/100 | Batch 1690/2306 | Loss: 1.4064 | Acc: 0.4173
  Epoch 3/100 | Batch 1700/2306 | Loss: 1.4085 | Acc: 0.4193
  Epoch 3/100 | Batch 1710/2306 | Loss: 1.4153 | Acc: 0.4152
  Epoch 3/100 | Batch 1720/2306 | Loss: 1.4139 | Acc: 0.4160
  Epoch 3/100 | Batch 1730/2306 | Loss: 1.4003 | Acc: 0.4202
  Epoch 3/100 | Batch 1740/2306 | Loss: 1.4107 | Acc: 0.4179
  Epoch 3/100 | Batch 1750/2306 | Loss: 1.4240 | Acc: 0.4116
  Epoch 3/100 | Batch 1760/2306 | Loss: 1.4229 | Acc: 0.4128
  Epoch 3/100 | Batch 1770/2306 | Loss: 1.4173 | Acc: 0.4119
  Epoch 3/100 | Batch 1780/2306 | Loss: 1.4267 | Acc: 0.4119
  Epoch 3/100 | Batch 1790/2306 | Loss: 1.4076 | Acc: 0.4195
  Epoch 3/100 | Batch 1800/2306 | Loss: 1.4082 | Acc: 0.4187
  Epoch 3/100 | Batch 1810/2306 | Loss: 1.4239 | Acc: 0.4149
  Epoch 3/100 | Batch 1820/2306 | Loss: 1.4301 | Acc: 0.4084
  Epoch 3/100 | Batch 1830/2306 | Loss: 1.4065 | Acc: 0.4160
  Epoch 3/100 | Batch 1840/2306 | Loss: 1.4301 | Acc: 0.4074
  Epoch 3/100 | Batch 1850/2306 | Loss: 1.4265 | Acc: 0.4113
  Epoch 3/100 | Batch 1860/2306 | Loss: 1.4233 | Acc: 0.4104
  Epoch 3/100 | Batch 1870/2306 | Loss: 1.4143 | Acc: 0.4130
  Epoch 3/100 | Batch 1880/2306 | Loss: 1.4262 | Acc: 0.4102
  Epoch 3/100 | Batch 1890/2306 | Loss: 1.4183 | Acc: 0.4147
  Epoch 3/100 | Batch 1900/2306 | Loss: 1.4199 | Acc: 0.4132
  Epoch 3/100 | Batch 1910/2306 | Loss: 1.4076 | Acc: 0.4162
  Epoch 3/100 | Batch 1920/2306 | Loss: 1.4137 | Acc: 0.4135
  Epoch 3/100 | Batch 1930/2306 | Loss: 1.4126 | Acc: 0.4150
  Epoch 3/100 | Batch 1940/2306 | Loss: 1.4279 | Acc: 0.4108
  Epoch 3/100 | Batch 1950/2306 | Loss: 1.4327 | Acc: 0.4071
  Epoch 3/100 | Batch 1960/2306 | Loss: 1.4261 | Acc: 0.4127
  Epoch 3/100 | Batch 1970/2306 | Loss: 1.3976 | Acc: 0.4220
  Epoch 3/100 | Batch 1980/2306 | Loss: 1.4254 | Acc: 0.4100
  Epoch 3/100 | Batch 1990/2306 | Loss: 1.4133 | Acc: 0.4188
  Epoch 3/100 | Batch 2000/2306 | Loss: 1.4248 | Acc: 0.4080
  Epoch 3/100 | Batch 2010/2306 | Loss: 1.4181 | Acc: 0.4114
  Epoch 3/100 | Batch 2020/2306 | Loss: 1.4117 | Acc: 0.4152
  Epoch 3/100 | Batch 2030/2306 | Loss: 1.4155 | Acc: 0.4153
  Epoch 3/100 | Batch 2040/2306 | Loss: 1.4245 | Acc: 0.4096
  Epoch 3/100 | Batch 2050/2306 | Loss: 1.4147 | Acc: 0.4139
  Epoch 3/100 | Batch 2060/2306 | Loss: 1.4206 | Acc: 0.4132
  Epoch 3/100 | Batch 2070/2306 | Loss: 1.4160 | Acc: 0.4142
  Epoch 3/100 | Batch 2080/2306 | Loss: 1.4207 | Acc: 0.4145
  Epoch 3/100 | Batch 2090/2306 | Loss: 1.4180 | Acc: 0.4128
  Epoch 3/100 | Batch 2100/2306 | Loss: 1.4228 | Acc: 0.4108
  Epoch 3/100 | Batch 2110/2306 | Loss: 1.4231 | Acc: 0.4080
  Epoch 3/100 | Batch 2120/2306 | Loss: 1.4163 | Acc: 0.4128
  Epoch 3/100 | Batch 2130/2306 | Loss: 1.4121 | Acc: 0.4168
  Epoch 3/100 | Batch 2140/2306 | Loss: 1.4141 | Acc: 0.4142
  Epoch 3/100 | Batch 2150/2306 | Loss: 1.4108 | Acc: 0.4185
  Epoch 3/100 | Batch 2160/2306 | Loss: 1.4222 | Acc: 0.4117
  Epoch 3/100 | Batch 2170/2306 | Loss: 1.4068 | Acc: 0.4183
  Epoch 3/100 | Batch 2180/2306 | Loss: 1.4154 | Acc: 0.4128
  Epoch 3/100 | Batch 2190/2306 | Loss: 1.4035 | Acc: 0.4213
  Epoch 3/100 | Batch 2200/2306 | Loss: 1.4086 | Acc: 0.4176
  Epoch 3/100 | Batch 2210/2306 | Loss: 1.4084 | Acc: 0.4186
  Epoch 3/100 | Batch 2220/2306 | Loss: 1.4131 | Acc: 0.4142
  Epoch 3/100 | Batch 2230/2306 | Loss: 1.4123 | Acc: 0.4132
  Epoch 3/100 | Batch 2240/2306 | Loss: 1.4078 | Acc: 0.4175
  Epoch 3/100 | Batch 2250/2306 | Loss: 1.4211 | Acc: 0.4086
  Epoch 3/100 | Batch 2260/2306 | Loss: 1.4196 | Acc: 0.4147
  Epoch 3/100 | Batch 2270/2306 | Loss: 1.4245 | Acc: 0.4114
  Epoch 3/100 | Batch 2280/2306 | Loss: 1.4128 | Acc: 0.4189
  Epoch 3/100 | Batch 2290/2306 | Loss: 1.4235 | Acc: 0.4106
  Epoch 3/100 | Batch 2300/2306 | Loss: 1.4284 | Acc: 0.4071

📊 Epoch 3/100
   訓練損失: 1.4212 | 準確率: 0.4134
   驗證損失: 1.4170 | 準確率: 0.4141
   學習率: 9.98e-04
   ✅ 保存最佳模型: /workspace/Mahjong/checkpoints/bc_model/best_bc_model.pt
  Epoch 4/100 | Batch 1/2306 | Loss: 1.3916 | Acc: 0.4228
  Epoch 4/100 | Batch 10/2306 | Loss: 1.4124 | Acc: 0.4154
  Epoch 4/100 | Batch 20/2306 | Loss: 1.4095 | Acc: 0.4180
  Epoch 4/100 | Batch 30/2306 | Loss: 1.4033 | Acc: 0.4186
  Epoch 4/100 | Batch 40/2306 | Loss: 1.4243 | Acc: 0.4112
  Epoch 4/100 | Batch 50/2306 | Loss: 1.4154 | Acc: 0.4154
  Epoch 4/100 | Batch 60/2306 | Loss: 1.4067 | Acc: 0.4157
  Epoch 4/100 | Batch 70/2306 | Loss: 1.4267 | Acc: 0.4081
  Epoch 4/100 | Batch 80/2306 | Loss: 1.3917 | Acc: 0.4251
  Epoch 4/100 | Batch 90/2306 | Loss: 1.4125 | Acc: 0.4139
  Epoch 4/100 | Batch 100/2306 | Loss: 1.4326 | Acc: 0.4076
  Epoch 4/100 | Batch 110/2306 | Loss: 1.4114 | Acc: 0.4140
  Epoch 4/100 | Batch 120/2306 | Loss: 1.4022 | Acc: 0.4207
  Epoch 4/100 | Batch 130/2306 | Loss: 1.4079 | Acc: 0.4179
  Epoch 4/100 | Batch 140/2306 | Loss: 1.4050 | Acc: 0.4190
  Epoch 4/100 | Batch 150/2306 | Loss: 1.4093 | Acc: 0.4172
  Epoch 4/100 | Batch 160/2306 | Loss: 1.3991 | Acc: 0.4211
  Epoch 4/100 | Batch 170/2306 | Loss: 1.4256 | Acc: 0.4118
  Epoch 4/100 | Batch 180/2306 | Loss: 1.4125 | Acc: 0.4167
  Epoch 4/100 | Batch 190/2306 | Loss: 1.3992 | Acc: 0.4229
  Epoch 4/100 | Batch 200/2306 | Loss: 1.3991 | Acc: 0.4193
  Epoch 4/100 | Batch 210/2306 | Loss: 1.4058 | Acc: 0.4189
  Epoch 4/100 | Batch 220/2306 | Loss: 1.4037 | Acc: 0.4212
  Epoch 4/100 | Batch 230/2306 | Loss: 1.4002 | Acc: 0.4197
  Epoch 4/100 | Batch 240/2306 | Loss: 1.4059 | Acc: 0.4159
  Epoch 4/100 | Batch 250/2306 | Loss: 1.4102 | Acc: 0.4165
  Epoch 4/100 | Batch 260/2306 | Loss: 1.4085 | Acc: 0.4177
  Epoch 4/100 | Batch 270/2306 | Loss: 1.3990 | Acc: 0.4180
  Epoch 4/100 | Batch 280/2306 | Loss: 1.4283 | Acc: 0.4071
  Epoch 4/100 | Batch 290/2306 | Loss: 1.4172 | Acc: 0.4133
  Epoch 4/100 | Batch 300/2306 | Loss: 1.4059 | Acc: 0.4170
  Epoch 4/100 | Batch 310/2306 | Loss: 1.4152 | Acc: 0.4144
  Epoch 4/100 | Batch 320/2306 | Loss: 1.4260 | Acc: 0.4091
  Epoch 4/100 | Batch 330/2306 | Loss: 1.4078 | Acc: 0.4148
  Epoch 4/100 | Batch 340/2306 | Loss: 1.4044 | Acc: 0.4197
  Epoch 4/100 | Batch 350/2306 | Loss: 1.4184 | Acc: 0.4135
  Epoch 4/100 | Batch 360/2306 | Loss: 1.3976 | Acc: 0.4210
  Epoch 4/100 | Batch 370/2306 | Loss: 1.4047 | Acc: 0.4158
  Epoch 4/100 | Batch 380/2306 | Loss: 1.4125 | Acc: 0.4163
  Epoch 4/100 | Batch 390/2306 | Loss: 1.4000 | Acc: 0.4193
  Epoch 4/100 | Batch 400/2306 | Loss: 1.4167 | Acc: 0.4123
  Epoch 4/100 | Batch 410/2306 | Loss: 1.4152 | Acc: 0.4127
  Epoch 4/100 | Batch 420/2306 | Loss: 1.4114 | Acc: 0.4163
  Epoch 4/100 | Batch 430/2306 | Loss: 1.4118 | Acc: 0.4116
  Epoch 4/100 | Batch 440/2306 | Loss: 1.4002 | Acc: 0.4202
  Epoch 4/100 | Batch 450/2306 | Loss: 1.4114 | Acc: 0.4180
  Epoch 4/100 | Batch 460/2306 | Loss: 1.4138 | Acc: 0.4183
  Epoch 4/100 | Batch 470/2306 | Loss: 1.4163 | Acc: 0.4155
  Epoch 4/100 | Batch 480/2306 | Loss: 1.4018 | Acc: 0.4190
  Epoch 4/100 | Batch 490/2306 | Loss: 1.4026 | Acc: 0.4192
  Epoch 4/100 | Batch 500/2306 | Loss: 1.4065 | Acc: 0.4168
  Epoch 4/100 | Batch 510/2306 | Loss: 1.3972 | Acc: 0.4219
  Epoch 4/100 | Batch 520/2306 | Loss: 1.4099 | Acc: 0.4183
  Epoch 4/100 | Batch 530/2306 | Loss: 1.3966 | Acc: 0.4193
  Epoch 4/100 | Batch 540/2306 | Loss: 1.4215 | Acc: 0.4119
  Epoch 4/100 | Batch 550/2306 | Loss: 1.4141 | Acc: 0.4140
  Epoch 4/100 | Batch 560/2306 | Loss: 1.4057 | Acc: 0.4176
  Epoch 4/100 | Batch 570/2306 | Loss: 1.4118 | Acc: 0.4166
  Epoch 4/100 | Batch 580/2306 | Loss: 1.4068 | Acc: 0.4184
  Epoch 4/100 | Batch 590/2306 | Loss: 1.4089 | Acc: 0.4170
  Epoch 4/100 | Batch 600/2306 | Loss: 1.4101 | Acc: 0.4164
  Epoch 4/100 | Batch 610/2306 | Loss: 1.4197 | Acc: 0.4137
  Epoch 4/100 | Batch 620/2306 | Loss: 1.4012 | Acc: 0.4209
  Epoch 4/100 | Batch 630/2306 | Loss: 1.4036 | Acc: 0.4189
  Epoch 4/100 | Batch 640/2306 | Loss: 1.4123 | Acc: 0.4168
  Epoch 4/100 | Batch 650/2306 | Loss: 1.4043 | Acc: 0.4187
  Epoch 4/100 | Batch 660/2306 | Loss: 1.4020 | Acc: 0.4177
  Epoch 4/100 | Batch 670/2306 | Loss: 1.4118 | Acc: 0.4164
  Epoch 4/100 | Batch 680/2306 | Loss: 1.4100 | Acc: 0.4186
  Epoch 4/100 | Batch 690/2306 | Loss: 1.3980 | Acc: 0.4166
  Epoch 4/100 | Batch 700/2306 | Loss: 1.4053 | Acc: 0.4195
  Epoch 4/100 | Batch 710/2306 | Loss: 1.3910 | Acc: 0.4238
  Epoch 4/100 | Batch 720/2306 | Loss: 1.3992 | Acc: 0.4206
  Epoch 4/100 | Batch 730/2306 | Loss: 1.4128 | Acc: 0.4139
  Epoch 4/100 | Batch 740/2306 | Loss: 1.4173 | Acc: 0.4115
  Epoch 4/100 | Batch 750/2306 | Loss: 1.4060 | Acc: 0.4171
  Epoch 4/100 | Batch 760/2306 | Loss: 1.4024 | Acc: 0.4199
  Epoch 4/100 | Batch 770/2306 | Loss: 1.4072 | Acc: 0.4185
  Epoch 4/100 | Batch 780/2306 | Loss: 1.4052 | Acc: 0.4217
  Epoch 4/100 | Batch 790/2306 | Loss: 1.4053 | Acc: 0.4183
  Epoch 4/100 | Batch 800/2306 | Loss: 1.4125 | Acc: 0.4151
  Epoch 4/100 | Batch 810/2306 | Loss: 1.4147 | Acc: 0.4144
  Epoch 4/100 | Batch 820/2306 | Loss: 1.3962 | Acc: 0.4220
  Epoch 4/100 | Batch 830/2306 | Loss: 1.4244 | Acc: 0.4118
  Epoch 4/100 | Batch 840/2306 | Loss: 1.4124 | Acc: 0.4145
  Epoch 4/100 | Batch 850/2306 | Loss: 1.4055 | Acc: 0.4171
  Epoch 4/100 | Batch 860/2306 | Loss: 1.4109 | Acc: 0.4166
  Epoch 4/100 | Batch 870/2306 | Loss: 1.4142 | Acc: 0.4140
  Epoch 4/100 | Batch 880/2306 | Loss: 1.3975 | Acc: 0.4188
  Epoch 4/100 | Batch 890/2306 | Loss: 1.4052 | Acc: 0.4166
  Epoch 4/100 | Batch 900/2306 | Loss: 1.4121 | Acc: 0.4145
  Epoch 4/100 | Batch 910/2306 | Loss: 1.4092 | Acc: 0.4144
  Epoch 4/100 | Batch 920/2306 | Loss: 1.4013 | Acc: 0.4181
  Epoch 4/100 | Batch 930/2306 | Loss: 1.4106 | Acc: 0.4139
  Epoch 4/100 | Batch 940/2306 | Loss: 1.4118 | Acc: 0.4151
  Epoch 4/100 | Batch 950/2306 | Loss: 1.4032 | Acc: 0.4177
  Epoch 4/100 | Batch 960/2306 | Loss: 1.4139 | Acc: 0.4141
  Epoch 4/100 | Batch 970/2306 | Loss: 1.4037 | Acc: 0.4179
  Epoch 4/100 | Batch 980/2306 | Loss: 1.4054 | Acc: 0.4160
  Epoch 4/100 | Batch 990/2306 | Loss: 1.4159 | Acc: 0.4165
  Epoch 4/100 | Batch 1000/2306 | Loss: 1.4082 | Acc: 0.4156
  Epoch 4/100 | Batch 1010/2306 | Loss: 1.4065 | Acc: 0.4176
/root/miniconda3/envs/mahjong_39/lib/python3.9/multiprocessing/resource_tracker.py:216: UserWarning: resource_tracker: There appear to be 40 leaked semaphore objects to clean up at shutdown
  warnings.warn('resource_tracker: There appear to be %d '
