🖥️  使用設備: cuda

📂 載入 BC 預訓練權重: /workspace/Mahjong/checkpoints/bc_model/best_bc_model.pt
   ✅ 載入 BC checkpoint (epoch 41)
   BC val_loss: 1.3695, val_acc: 0.4253
   模型總參數量: 9,215,514

🔒 啟用 LoRA 模式（凍結 Backbone，只訓練 LoRA 注入層 + Actor/Critic Head）...
🔒 啟用 LoRA 模式：凍結 Backbone，僅訓練 LoRA 注入層 + Actor/Critic Head...
   可訓練: 825,882 / 凍結: 8,389,632 (比例: 8.96%)
   可訓練參數 (LoRA + Heads): 825,882
   凍結參數 (Backbone):       8,389,632
   可訓練比例: 8.96%

⚡ Optimizer: AdamW (lr=5e-05, weight_decay=1e-4)
   Optimizer 管理參數數量: 825,882

🎮 初始化 SelfPlayRunner（對手池大小=5）...
   ✅ Runner 初始化完成

======================================================================
🚀 開始 PPO + LoRA 自我博弈訓練
   迭代次數: 1000
   PPO epochs/局: 1
   Temperature: 2.0
   Entropy Coef: 0.05
   Value Coef: 0.5
   Clip Epsilon: 0.2
   Max Grad Norm: 0.5
   對手池更新頻率: 每 10 局
   遊戲指標窗口: 最近 50 局
   開始時間: 2026-06-01 12:40:49
======================================================================

🔒 啟用 LoRA 模式：凍結 Backbone，僅訓練 LoRA 注入層 + Actor/Critic Head...
   可訓練: 825,882 / 凍結: 8,389,632 (比例: 8.96%)
Match progress: 50 steps simulated...
Match progress: 100 steps simulated...
Match progress: 150 steps simulated...
Match progress: 200 steps simulated...
Match progress: 250 steps simulated...
Match progress: 300 steps simulated...
Match progress: 350 steps simulated...
Match progress: 400 steps simulated...
Match progress: 450 steps simulated...
Match progress: 500 steps simulated...
Match progress: 550 steps simulated...
Match progress: 600 steps simulated...
Match progress: 650 steps simulated...
Match progress: 700 steps simulated...
Match progress: 750 steps simulated...
Match progress: 800 steps simulated...
📈 [Epoch Metrics] Policy Loss:   0.1287 | Value Loss: 31944.1738 | Entropy: 0.9703 | Avg Reward:    0.30 | Steps:  200
📊 Iter     1/1000 | Policy Loss: 0.1287 | Value Loss: 31944.1738 | Entropy: 0.9703 | Avg Reward: 0.2990 | Traj Len: 200.0
🎮 近1局 | 贏牌率:   0.0% | 和了率:   0.0% | 均排名: 2.00 | 均分數:   24500 | 上一局: 排名=2 分數=24500pt 
🏆 新最佳模型！Avg Reward: 0.2990 (近1局贏牌率: 0.0%) → /workspace/Mahjong/checkpoints/ppo_lora_v4/best_ppo_lora_model.pt
🔒 啟用 LoRA 模式：凍結 Backbone，僅訓練 LoRA 注入層 + Actor/Critic Head...
   可訓練: 825,882 / 凍結: 8,389,632 (比例: 8.96%)
Match progress: 50 steps simulated...
Match progress: 100 steps simulated...
Match progress: 150 steps simulated...
Match progress: 200 steps simulated...
Match progress: 250 steps simulated...
Match progress: 300 steps simulated...
Match progress: 350 steps simulated...
Match progress: 400 steps simulated...
Match progress: 450 steps simulated...
Match progress: 500 steps simulated...
Match progress: 550 steps simulated...
Match progress: 600 steps simulated...
Match progress: 650 steps simulated...
Match progress: 700 steps simulated...
Match progress: 750 steps simulated...
Match progress: 800 steps simulated...
Match progress: 850 steps simulated...
Match progress: 900 steps simulated...
Match progress: 950 steps simulated...
Match progress: 1000 steps simulated...
Match progress: 1050 steps simulated...
Match progress: 1100 steps simulated...
Match progress: 1150 steps simulated...
📈 [Epoch Metrics] Policy Loss:   0.2013 | Value Loss: 49157.7070 | Entropy: 0.7911 | Avg Reward:    1.07 | Steps:  294
📊 Iter     2/1000 | Policy Loss: 0.2013 | Value Loss: 49157.7070 | Entropy: 0.7911 | Avg Reward: 1.0668 | Traj Len: 294.0
🎮 近2局 | 贏牌率:  50.0% | 和了率:   0.0% | 均排名: 1.50 | 均分數:   25750 | 上一局: 排名=1 分數=27000pt 🏆
🏆 新最佳模型！Avg Reward: 1.0668 (近2局贏牌率: 50.0%) → /workspace/Mahjong/checkpoints/ppo_lora_v4/best_ppo_lora_model.pt
🔒 啟用 LoRA 模式：凍結 Backbone，僅訓練 LoRA 注入層 + Actor/Critic Head...
   可訓練: 825,882 / 凍結: 8,389,632 (比例: 8.96%)
Match progress: 50 steps simulated...
Match progress: 100 steps simulated...
Match progress: 150 steps simulated...
Match progress: 200 steps simulated...
Match progress: 250 steps simulated...
Match progress: 300 steps simulated...
Match progress: 350 steps simulated...
Match progress: 400 steps simulated...
Match progress: 450 steps simulated...
Match progress: 500 steps simulated...
Match progress: 550 steps simulated...
Match progress: 600 steps simulated...
Match progress: 650 steps simulated...
Match progress: 700 steps simulated...
Match progress: 750 steps simulated...
Match progress: 800 steps simulated...
Match progress: 850 steps simulated...
Match progress: 900 steps simulated...
Match progress: 950 steps simulated...
Match progress: 1000 steps simulated...
Match progress: 1050 steps simulated...
📈 [Epoch Metrics] Policy Loss:   0.2483 | Value Loss: 50097.6641 | Entropy: 0.9963 | Avg Reward:    1.07 | Steps:  252
📊 Iter     3/1000 | Policy Loss: 0.2483 | Value Loss: 50097.6641 | Entropy: 0.9963 | Avg Reward: 1.0657 | Traj Len: 252.0
🎮 近3局 | 贏牌率:  33.3% | 和了率:   0.0% | 均排名: 2.33 | 均分數:   22067 | 上一局: 排名=4 分數=14700pt 
🔒 啟用 LoRA 模式：凍結 Backbone，僅訓練 LoRA 注入層 + Actor/Critic Head...
   可訓練: 825,882 / 凍結: 8,389,632 (比例: 8.96%)
Match progress: 50 steps simulated...
Match progress: 100 steps simulated...
Match progress: 150 steps simulated...
Match progress: 200 steps simulated...
Match progress: 250 steps simulated...
Match progress: 300 steps simulated...
Match progress: 350 steps simulated...
Match progress: 400 steps simulated...
Match progress: 450 steps simulated...
Match progress: 500 steps simulated...
Match progress: 550 steps simulated...
Match progress: 600 steps simulated...
Match progress: 650 steps simulated...
Match progress: 700 steps simulated...
Match progress: 750 steps simulated...
Match progress: 800 steps simulated...
Match progress: 850 steps simulated...
Match progress: 900 steps simulated...
Match progress: 950 steps simulated...
Match progress: 1000 steps simulated...
Match progress: 1050 steps simulated...
Match progress: 1100 steps simulated...
📈 [Epoch Metrics] Policy Loss:   0.2263 | Value Loss: 45466.5508 | Entropy: 0.8157 | Avg Reward:    0.80 | Steps:  291
📊 Iter     4/1000 | Policy Loss: 0.2263 | Value Loss: 45466.5508 | Entropy: 0.8157 | Avg Reward: 0.7991 | Traj Len: 291.0
🎮 近4局 | 贏牌率:  25.0% | 和了率:   0.0% | 均排名: 2.50 | 均分數:   22425 | 上一局: 排名=3 分數=23500pt 
🔒 啟用 LoRA 模式：凍結 Backbone，僅訓練 LoRA 注入層 + Actor/Critic Head...
   可訓練: 825,882 / 凍結: 8,389,632 (比例: 8.96%)
Match progress: 50 steps simulated...
Match progress: 100 steps simulated...
Match progress: 150 steps simulated...
Match progress: 200 steps simulated...
Match progress: 250 steps simulated...
Match progress: 300 steps simulated...
Match progress: 350 steps simulated...
Match progress: 400 steps simulated...
Match progress: 450 steps simulated...
Match progress: 500 steps simulated...
Match progress: 550 steps simulated...
Match progress: 600 steps simulated...
Match progress: 650 steps simulated...
Match progress: 700 steps simulated...
Match progress: 750 steps simulated...
Match progress: 800 steps simulated...
Match progress: 850 steps simulated...
Match progress: 900 steps simulated...
📈 [Epoch Metrics] Policy Loss:   0.3920 | Value Loss: 41752.9570 | Entropy: 0.8981 | Avg Reward:    0.40 | Steps:  235
📊 Iter     5/1000 | Policy Loss: 0.3920 | Value Loss: 41752.9570 | Entropy: 0.8981 | Avg Reward: 0.3990 | Traj Len: 235.0
🎮 近5局 | 贏牌率:  20.0% | 和了率:   0.0% | 均排名: 2.60 | 均分數:   22640 | 上一局: 排名=3 分數=23500pt 
🔒 啟用 LoRA 模式：凍結 Backbone，僅訓練 LoRA 注入層 + Actor/Critic Head...
   可訓練: 825,882 / 凍結: 8,389,632 (比例: 8.96%)
Match progress: 50 steps simulated...
Match progress: 100 steps simulated...
Match progress: 150 steps simulated...
Match progress: 200 steps simulated...
Match progress: 250 steps simulated...
Match progress: 300 steps simulated...
Match progress: 350 steps simulated...
Match progress: 400 steps simulated...
Match progress: 450 steps simulated...
Match progress: 500 steps simulated...
Match progress: 550 steps simulated...
Match progress: 600 steps simulated...
Match progress: 650 steps simulated...
Match progress: 700 steps simulated...
Match progress: 750 steps simulated...
Match progress: 800 steps simulated...
Match progress: 850 steps simulated...
Match progress: 900 steps simulated...
Match progress: 950 steps simulated...
Match progress: 1000 steps simulated...
Match progress: 1050 steps simulated...
Match progress: 1100 steps simulated...
Match progress: 1150 steps simulated...
Match progress: 1200 steps simulated...
Match progress: 1250 steps simulated...
Match progress: 1300 steps simulated...
Match progress: 1350 steps simulated...
Match progress: 1400 steps simulated...
